  소스.cpp
c:\users\xorbs\onedrive\documents\github\stl\2048리플레이\소스.cpp(222): error C2678: 이항 '>>': 왼쪽 피연산자로 'std::ifstream' 형식을 사용하는 연산자가 없거나 허용되는 변환이 없습니다.
  d:\microsoft visual studio\2017\community\vc\tools\msvc\14.13.26128\include\istream(473): note: 'std::basic_istream<char,std::char_traits<char>> &std::basic_istream<char,std::char_traits<char>>::operator >>(std::basic_streambuf<char,std::char_traits<char>> *)'일 수 있습니다.
  d:\microsoft visual studio\2017\community\vc\tools\msvc\14.13.26128\include\istream(454): note: 또는       'std::basic_istream<char,std::char_traits<char>> &std::basic_istream<char,std::char_traits<char>>::operator >>(void *&)'
  d:\microsoft visual studio\2017\community\vc\tools\msvc\14.13.26128\include\istream(436): note: 또는       'std::basic_istream<char,std::char_traits<char>> &std::basic_istream<char,std::char_traits<char>>::operator >>(long double &)'
  d:\microsoft visual studio\2017\community\vc\tools\msvc\14.13.26128\include\istream(418): note: 또는       'std::basic_istream<char,std::char_traits<char>> &std::basic_istream<char,std::char_traits<char>>::operator >>(double &)'
  d:\microsoft visual studio\2017\community\vc\tools\msvc\14.13.26128\include\istream(399): note: 또는       'std::basic_istream<char,std::char_traits<char>> &std::basic_istream<char,std::char_traits<char>>::operator >>(float &)'
  d:\microsoft visual studio\2017\community\vc\tools\msvc\14.13.26128\include\istream(381): note: 또는       'std::basic_istream<char,std::char_traits<char>> &std::basic_istream<char,std::char_traits<char>>::operator >>(unsigned __int64 &)'
  d:\microsoft visual studio\2017\community\vc\tools\msvc\14.13.26128\include\istream(362): note: 또는       'std::basic_istream<char,std::char_traits<char>> &std::basic_istream<char,std::char_traits<char>>::operator >>(__int64 &)'
  d:\microsoft visual studio\2017\community\vc\tools\msvc\14.13.26128\include\istream(343): note: 또는       'std::basic_istream<char,std::char_traits<char>> &std::basic_istream<char,std::char_traits<char>>::operator >>(unsigned long &)'
  d:\microsoft visual studio\2017\community\vc\tools\msvc\14.13.26128\include\istream(325): note: 또는       'std::basic_istream<char,std::char_traits<char>> &std::basic_istream<char,std::char_traits<char>>::operator >>(long &)'
  d:\microsoft visual studio\2017\community\vc\tools\msvc\14.13.26128\include\istream(307): note: 또는       'std::basic_istream<char,std::char_traits<char>> &std::basic_istream<char,std::char_traits<char>>::operator >>(unsigned int &)'
  d:\microsoft visual studio\2017\community\vc\tools\msvc\14.13.26128\include\istream(281): note: 또는       'std::basic_istream<char,std::char_traits<char>> &std::basic_istream<char,std::char_traits<char>>::operator >>(int &)'
  d:\microsoft visual studio\2017\community\vc\tools\msvc\14.13.26128\include\istream(262): note: 또는       'std::basic_istream<char,std::char_traits<char>> &std::basic_istream<char,std::char_traits<char>>::operator >>(unsigned short &)'
  d:\microsoft visual studio\2017\community\vc\tools\msvc\14.13.26128\include\istream(227): note: 또는       'std::basic_istream<char,std::char_traits<char>> &std::basic_istream<char,std::char_traits<char>>::operator >>(short &)'
  d:\microsoft visual studio\2017\community\vc\tools\msvc\14.13.26128\include\istream(208): note: 또는       'std::basic_istream<char,std::char_traits<char>> &std::basic_istream<char,std::char_traits<char>>::operator >>(bool &)'
  d:\microsoft visual studio\2017\community\vc\tools\msvc\14.13.26128\include\istream(202): note: 또는       'std::basic_istream<char,std::char_traits<char>> &std::basic_istream<char,std::char_traits<char>>::operator >>(std::ios_base &(__cdecl *)(std::ios_base &))'
  d:\microsoft visual studio\2017\community\vc\tools\msvc\14.13.26128\include\istream(196): note: 또는       'std::basic_istream<char,std::char_traits<char>> &std::basic_istream<char,std::char_traits<char>>::operator >>(std::basic_ios<char,std::char_traits<char>> &(__cdecl *)(std::basic_ios<char,std::char_traits<char>> &))'
  d:\microsoft visual studio\2017\community\vc\tools\msvc\14.13.26128\include\istream(191): note: 또는       'std::basic_istream<char,std::char_traits<char>> &std::basic_istream<char,std::char_traits<char>>::operator >>(std::basic_istream<char,std::char_traits<char>> &(__cdecl *)(std::basic_istream<char,std::char_traits<char>> &))'
  d:\microsoft visual studio\2017\community\vc\tools\msvc\14.13.26128\include\istream(1085): note: 또는       'std::basic_istream<char,std::char_traits<char>> &std::operator >><char,std::char_traits<char>,WCHAR&>(std::basic_istream<char,std::char_traits<char>> &&,_Ty)'
          with
          [
              _Ty=WCHAR &
          ]
  d:\microsoft visual studio\2017\community\vc\tools\msvc\14.13.26128\include\istream(1075): note: 또는       'std::basic_istream<char,std::char_traits<char>> &std::operator >><std::char_traits<char>>(std::basic_istream<char,std::char_traits<char>> &,unsigned char &)'
  d:\microsoft visual studio\2017\community\vc\tools\msvc\14.13.26128\include\istream(1068): note: 또는       'std::basic_istream<char,std::char_traits<char>> &std::operator >><std::char_traits<char>>(std::basic_istream<char,std::char_traits<char>> &,unsigned char *)'
  d:\microsoft visual studio\2017\community\vc\tools\msvc\14.13.26128\include\istream(1061): note: 또는       'std::basic_istream<char,std::char_traits<char>> &std::operator >><std::char_traits<char>>(std::basic_istream<char,std::char_traits<char>> &,signed char &)'
  d:\microsoft visual studio\2017\community\vc\tools\msvc\14.13.26128\include\istream(1054): note: 또는       'std::basic_istream<char,std::char_traits<char>> &std::operator >><std::char_traits<char>>(std::basic_istream<char,std::char_traits<char>> &,signed char *)'
  c:\users\xorbs\onedrive\documents\github\stl\2048리플레이\소스.cpp(222): note: 또는       '기본 제공 C++ 연산자>>(bool, WCHAR)'일 수 있습니다.
  c:\users\xorbs\onedrive\documents\github\stl\2048리플레이\소스.cpp(222): note: 인수 목록 '(std::ifstream, WCHAR)'을(를) 일치시키는 동안
