  소스.cpp
d:\microsoft visual studio\2017\community\vc\tools\msvc\14.13.26128\include\xmemory0(919): error C2664: 'Test::Test(Test &&)': 인수 1을(를) 'int [4][4]'에서 'const Test &'(으)로 변환할 수 없습니다.
  d:\microsoft visual studio\2017\community\vc\tools\msvc\14.13.26128\include\xmemory0(919): note: 원인: 'int [4][4]'에서 'const Test'(으)로 변환할 수 없습니다.
  d:\microsoft visual studio\2017\community\vc\tools\msvc\14.13.26128\include\xmemory0(919): note: 소스 형식을 가져올 수 있는 생성자가 없거나 생성자 오버로드 확인이 모호합니다.
  d:\microsoft visual studio\2017\community\vc\tools\msvc\14.13.26128\include\vector(968): note: 컴파일 중인 함수 템플릿 인스턴스화 'void std::_Default_allocator_traits<_Alloc>::construct<_Ty,int(&)[4][4]>(_Alloc &,_Objty *const ,int (&)[4][4])'에 대한 참조를 확인하십시오.
          with
          [
              _Alloc=std::allocator<Test>,
              _Ty=Test,
              _Objty=Test
          ]
  d:\microsoft visual studio\2017\community\vc\tools\msvc\14.13.26128\include\vector(968): note: 컴파일 중인 함수 템플릿 인스턴스화 'void std::_Default_allocator_traits<_Alloc>::construct<_Ty,int(&)[4][4]>(_Alloc &,_Objty *const ,int (&)[4][4])'에 대한 참조를 확인하십시오.
          with
          [
              _Alloc=std::allocator<Test>,
              _Ty=Test,
              _Objty=Test
          ]
  c:\users\xorbs\onedrive\documents\github\stl\2018 stl\2018 stl\소스.cpp(35): note: 컴파일 중인 함수 템플릿 인스턴스화 'void std::vector<Test,std::allocator<_Ty>>::emplace_back<int(&)[4][4]>(int (&)[4][4])'에 대한 참조를 확인하십시오.
          with
          [
              _Ty=Test
          ]
